#
# There is insufficient memory for the Java Runtime Environment to continue.
# Native memory allocation (malloc) failed to allocate 1048576 bytes for AllocateHeap
# Possible reasons:
#   The system is out of physical RAM or swap space
#   In 32 bit mode, the process size limit was hit
# Possible solutions:
#   Reduce memory load on the system
#   Increase physical memory or swap space
#   Check if swap backing store is full
#   Use 64 bit Java on a 64 bit OS
#   Decrease Java heap size (-Xmx/-Xms)
#   Decrease number of Java threads
#   Decrease Java thread stack sizes (-Xss)
#   Set larger code cache with -XX:ReservedCodeCacheSize=
# This output file may be truncated or incomplete.
#
#  Out of Memory Error (memory/allocation.inline.hpp:61), pid=12228, tid=4164
#
# JRE version:  (8.0_65-b17) (build )
# Java VM: Java HotSpot(TM) 64-Bit Server VM (25.65-b01 mixed mode windows-amd64 compressed oops)
# Failed to write core dump. Minidumps are not enabled by default on client versions of Windows
#

---------------  T H R E A D  ---------------

Current thread (0x0000000002470800):  JavaThread "Unknown thread" [_thread_in_vm, id=4164, stack(0x0000000001fd0000,0x00000000020d0000)]

Stack: [0x0000000001fd0000,0x00000000020d0000]
[error occurred during error reporting (printing stack bounds), id 0xc0000005]

Native frames: (J=compiled Java code, j=interpreted, Vv=VM code, C=native code)


---------------  P R O C E S S  ---------------

Java Threads: ( => current thread )

Other Threads:

=>0x0000000002470800 (exited) JavaThread "Unknown thread" [_thread_in_vm, id=4164, stack(0x0000000001fd0000,0x00000000020d0000)]

VM state:not at safepoint (normal execution)

VM Mutex/Monitor currently owned by a thread: None

Heap:
 PSYoungGen      total 38400K, used 665K [0x00000000eab00000, 0x00000000ed580000, 0x0000000100000000)
  eden space 33280K, 2% used [0x00000000eab00000,0x00000000eaba6670,0x00000000ecb80000)
  from space 5120K, 0% used [0x00000000ed080000,0x00000000ed080000,0x00000000ed580000)
  to   space 5120K, 0% used [0x00000000ecb80000,0x00000000ecb80000,0x00000000ed080000)
 ParOldGen       total 87552K, used 0K [0x00000000c0000000, 0x00000000c5580000, 0x00000000eab00000)
  object space 87552K, 0% used [0x00000000c0000000,0x00000000c0000000,0x00000000c5580000)
 Metaspace       used 767K, capacity 4480K, committed 4480K, reserved 1056768K
  class space    used 75K, capacity 384K, committed 384K, reserved 1048576K

Card table byte_map: [0x0000000002930000,0x0000000002b40000] byte_map_base: 0x0000000002330000

Marking Bits: (ParMarkBitMap*) 0x00000000723fa5b0
 Begin Bits: [0x00000000030a0000, 0x00000000040a0000)
 End Bits:   [0x00000000040a0000, 0x00000000050a0000)

Polling page: 0x0000000000500000

CodeCache: size=245760Kb used=328Kb max_used=328Kb free=245431Kb
 bounds [0x000000000f010000, 0x000000000f280000, 0x000000001e010000]
 total_blobs=57 nmethods=0 adapters=37
 compilation: enabled

Compilation events (0 events):
No events

GC Heap History (0 events):
No events

Deoptimization events (0 events):
No events

Internal exceptions (0 events):
No events

Events (10 events):
Event: 0.060 loading class java/lang/Short
Event: 0.060 loading class java/lang/Short done
Event: 0.060 loading class java/lang/Integer
Event: 0.060 loading class java/lang/Integer done
Event: 0.060 loading class java/lang/Long
Event: 0.060 loading class java/lang/Long done
Event: 0.061 loading class java/lang/NullPointerException
Event: 0.061 loading class java/lang/NullPointerException done
Event: 0.061 loading class java/lang/ArithmeticException
Event: 0.061 loading class java/lang/ArithmeticException done


Dynamic libraries:
0x00007ff647b20000 - 0x00007ff647b57000 	D:\Java\jdk1.8.0_65\bin\java.exe
0x00007ffbf22d0000 - 0x00007ffbf2491000 	C:\Windows\SYSTEM32\ntdll.dll
0x00007ffbf1280000 - 0x00007ffbf132d000 	C:\Windows\system32\KERNEL32.DLL
0x00007ffbeeab0000 - 0x00007ffbeec98000 	C:\Windows\system32\KERNELBASE.dll
0x00007ffbf1480000 - 0x00007ffbf1527000 	C:\Windows\system32\ADVAPI32.dll
0x00007ffbf1150000 - 0x00007ffbf11ed000 	C:\Windows\system32\msvcrt.dll
0x00007ffbf2210000 - 0x00007ffbf226b000 	C:\Windows\system32\sechost.dll
0x00007ffbf16b0000 - 0x00007ffbf17cc000 	C:\Windows\system32\RPCRT4.dll
0x00007ffbf18a0000 - 0x00007ffbf19f6000 	C:\Windows\system32\USER32.dll
0x00007ffbf1a00000 - 0x00007ffbf1b86000 	C:\Windows\system32\GDI32.dll
0x00007ffbe9cf0000 - 0x00007ffbe9f64000 	C:\Windows\WinSxS\amd64_microsoft.windows.common-controls_6595b64144ccf1df_6.0.10586.0_none_8c15ae12515e1c22\COMCTL32.dll
0x00007ffbf0d70000 - 0x00007ffbf0fed000 	C:\Windows\system32\combase.dll
0x00007ffbef2f0000 - 0x00007ffbef35a000 	C:\Windows\system32\bcryptPrimitives.dll
0x00007ffbf1d40000 - 0x00007ffbf1d7b000 	C:\Windows\system32\IMM32.DLL
0x00007ffbee7e0000 - 0x00007ffbee811000 	C:\Windows\system32\nvinitx.dll
0x00007ffbee7d0000 - 0x00007ffbee7da000 	C:\Windows\SYSTEM32\VERSION.dll
0x000000000f000000 - 0x000000000f006000 	C:\Program Files\NVIDIA Corporation\CoProcManager\_etoured.dll
0x00007ffbed020000 - 0x00007ffbed052000 	C:\Program Files\NVIDIA Corporation\CoProcManager\nvd3d9wrapx.dll
0x00007ffbf1d80000 - 0x00007ffbf21a9000 	C:\Windows\system32\SETUPAPI.dll
0x00007ffbef360000 - 0x00007ffbef3a3000 	C:\Windows\system32\CFGMGR32.dll
0x00007ffbecff0000 - 0x00007ffbed012000 	C:\Program Files\NVIDIA Corporation\CoProcManager\nvdxgiwrapx.dll
0x00000000728e0000 - 0x00000000729b2000 	D:\Java\jdk1.8.0_65\jre\bin\msvcr100.dll
0x0000000071bf0000 - 0x0000000072479000 	D:\Java\jdk1.8.0_65\jre\bin\server\jvm.dll
0x00007ffbf0d60000 - 0x00007ffbf0d68000 	C:\Windows\system32\PSAPI.DLL
0x00007ffbe5240000 - 0x00007ffbe5249000 	C:\Windows\SYSTEM32\WSOCK32.dll
0x00007ffbf1640000 - 0x00007ffbf16ab000 	C:\Windows\system32\WS2_32.dll
0x00007ffbecbe0000 - 0x00007ffbecc03000 	C:\Windows\SYSTEM32\WINMM.dll
0x00007ffbecb80000 - 0x00007ffbecbac000 	C:\Windows\SYSTEM32\WINMMBASE.dll
0x00000000728a0000 - 0x00000000728af000 	D:\Java\jdk1.8.0_65\jre\bin\verify.dll
0x0000000072870000 - 0x0000000072899000 	D:\Java\jdk1.8.0_65\jre\bin\java.dll
0x0000000072850000 - 0x0000000072866000 	D:\Java\jdk1.8.0_65\jre\bin\zip.dll

VM Arguments:
jvm_args: -Xmx1024M -Dfile.encoding=GBK -Duser.country=CN -Duser.language=zh -Duser.variant 
java_command: com.android.dx.command.Main --dex --num-threads=4 --output C:\Users\root\AndroidStudioProjects\Habbits\app\build\intermediates\pre-dexed\debug\support-annotations-24.0.0-alpha2-863f21b65811112eaa87cb755cb2e04fa900207e.jar E:\SDK\extras\android\m2repository\com\android\support\support-annotations\24.0.0-alpha2\support-annotations-24.0.0-alpha2.jar
java_class_path (initial): E:\SDK\build-tools\24.0.0-preview\lib\dx.jar
Launcher Type: SUN_STANDARD

Environment Variables:
JAVA_HOME=D:\Java\jdk1.8.0_65
CLASSPATH=.;%JAVA_HOME%\lib;%JAVA_HOME%\lib\tools.jar
PATH=C:\ProgramData\Oracle\Java\javapath;C:\Windows\system32;C:\Windows;C:\Windows\System32\Wbem;C:\Windows\System32\WindowsPowerShell\v1.0\;C:\Program Files (x86)\NVIDIA Corporation\PhysX\Common;D:\≥£”√»Ìº˛\Git\Git\cmd;C:\Windows\system32\config\systemprofile\.dnx\bin;C:\Program Files\Microsoft DNX\Dnvm\;C:\Program Files (x86)\Windows Kits\10\Windows Performance Toolkit\;C:\Program Files\Microsoft SQL Server\130\Tools\Binn\
USERNAME=root
OS=Windows_NT
PROCESSOR_IDENTIFIER=Intel64 Family 6 Model 58 Stepping 9, GenuineIntel



---------------  S Y S T E M  ---------------

OS: Windows 10.0 , 64 bit Build 10586 (10.0.10586.0)

CPU:total 4 (2 cores per cpu, 2 threads per core) family 6 model 58 stepping 9, cmov, cx8, fxsr, mmx, sse, sse2, sse3, ssse3, sse4.1, sse4.2, popcnt, avx, aes, clmul, erms, ht, tsc, tscinvbit, tscinv

Memory: 4k page, physical 8285464k(1526152k free), swap 10173392k(10672k free)

vm_info: Java HotSpot(TM) 64-Bit Server VM (25.65-b01) for windows-amd64 JRE (1.8.0_65-b17), built on Oct  6 2015 16:39:20 by "java_re" with MS VC++ 10.0 (VS2010)

time: Sun May 08 17:33:32 2016
elapsed time: 0 seconds (0d 0h 0m 0s)

