#
# There is insufficient memory for the Java Runtime Environment to continue.
# Native memory allocation (malloc) failed to allocate 230672 bytes for Chunk::new
# Possible reasons:
#   The system is out of physical RAM or swap space
#   In 32 bit mode, the process size limit was hit
# Possible solutions:
#   Reduce memory load on the system
#   Increase physical memory or swap space
#   Check if swap backing store is full
#   Use 64 bit Java on a 64 bit OS
#   Decrease Java heap size (-Xmx/-Xms)
#   Decrease number of Java threads
#   Decrease Java thread stack sizes (-Xss)
#   Set larger code cache with -XX:ReservedCodeCacheSize=
# This output file may be truncated or incomplete.
#
#  Out of Memory Error (allocation.cpp:390), pid=6696, tid=12352
#
# JRE version: Java(TM) SE Runtime Environment (8.0_65-b17) (build 1.8.0_65-b17)
# Java VM: Java HotSpot(TM) 64-Bit Server VM (25.65-b01 mixed mode windows-amd64 compressed oops)
# Failed to write core dump. Minidumps are not enabled by default on client versions of Windows
#

---------------  T H R E A D  ---------------

Current thread (0x0000000005e0d800):  JavaThread "C2 CompilerThread1" daemon [_thread_in_native, id=12352, stack(0x0000000007810000,0x0000000007910000)]

Stack: [0x0000000007810000,0x0000000007910000]
[error occurred during error reporting (printing stack bounds), id 0xc0000005]

Native frames: (J=compiled Java code, j=interpreted, Vv=VM code, C=native code)


Current CompileTask:
C2:  21790 2612       4       java.util.TreeMap$Entry::hashCode (42 bytes)


---------------  P R O C E S S  ---------------

Java Threads: ( => current thread )
  0x0000000007478800 JavaThread "Service Thread" daemon [_thread_blocked, id=8952, stack(0x0000000007a10000,0x0000000007b10000)]
  0x000000000746b000 JavaThread "C1 CompilerThread2" daemon [_thread_blocked, id=9472, stack(0x0000000007910000,0x0000000007a10000)]
=>0x0000000005e0d800 JavaThread "C2 CompilerThread1" daemon [_thread_in_native, id=12352, stack(0x0000000007810000,0x0000000007910000)]
  0x0000000005e0b800 JavaThread "C2 CompilerThread0" daemon [_thread_in_native, id=5612, stack(0x0000000007310000,0x0000000007410000)]
  0x0000000005e09000 JavaThread "Attach Listener" daemon [_thread_blocked, id=8228, stack(0x0000000007210000,0x0000000007310000)]
  0x0000000005dbc800 JavaThread "Signal Dispatcher" daemon [_thread_blocked, id=12504, stack(0x0000000007110000,0x0000000007210000)]
  0x00000000026d1800 JavaThread "Finalizer" daemon [_thread_blocked, id=6876, stack(0x0000000007010000,0x0000000007110000)]
  0x00000000026ce800 JavaThread "Reference Handler" daemon [_thread_blocked, id=4052, stack(0x0000000006f10000,0x0000000007010000)]
  0x00000000025e0800 JavaThread "main" [_thread_in_Java, id=6692, stack(0x00000000024e0000,0x00000000025e0000)]

Other Threads:
  0x0000000005d77000 VMThread [stack: 0x0000000006e10000,0x0000000006f10000] [id=2424]
  0x0000000007474800 WatcherThread [stack: 0x0000000007b10000,0x0000000007c10000] [id=10420]

VM state:not at safepoint (normal execution)

VM Mutex/Monitor currently owned by a thread: None

Heap:
 PSYoungGen      total 110592K, used 58993K [0x00000000eab00000, 0x00000000fef00000, 0x0000000100000000)
  eden space 105472K, 55% used [0x00000000eab00000,0x00000000ee49c540,0x00000000f1200000)
  from space 5120K, 0% used [0x00000000f3200000,0x00000000f3200000,0x00000000f3700000)
  to   space 32768K, 0% used [0x00000000f1200000,0x00000000f1200000,0x00000000f3200000)
 ParOldGen       total 87552K, used 68497K [0x00000000c0000000, 0x00000000c5580000, 0x00000000eab00000)
  object space 87552K, 78% used [0x00000000c0000000,0x00000000c42e4528,0x00000000c5580000)
 Metaspace       used 6687K, capacity 7320K, committed 7680K, reserved 1056768K
  class space    used 631K, capacity 656K, committed 768K, reserved 1048576K

Card table byte_map: [0x0000000002aa0000,0x0000000002cb0000] byte_map_base: 0x00000000024a0000

Marking Bits: (ParMarkBitMap*) 0x00000000723fa5b0
 Begin Bits: [0x0000000003210000, 0x0000000004210000)
 End Bits:   [0x0000000004210000, 0x0000000005210000)

Polling page: 0x00000000001f0000

CodeCache: size=245760Kb used=12790Kb max_used=12803Kb free=232969Kb
 bounds [0x000000000f010000, 0x000000000fca0000, 0x000000001e010000]
 total_blobs=2729 nmethods=2457 adapters=184
 compilation: enabled

Compilation events (10 events):
Event: 21.755 Thread 0x0000000005e0b800 nmethod 2634 0x000000000fc96e90 code [0x000000000fc97040, 0x000000000fc97650]
Event: 21.755 Thread 0x0000000005e0b800 2641       4       java.util.HashMap::put (13 bytes)
Event: 21.756 Thread 0x000000000746b000 2644       3       java.util.HashMap::keySet (27 bytes)
Event: 21.756 Thread 0x000000000746b000 nmethod 2644 0x000000000fc88150 code [0x000000000fc882e0, 0x000000000fc88690]
Event: 21.756 Thread 0x000000000746b000 2645       3       java.util.HashMap$KeySet::iterator (12 bytes)
Event: 21.757 Thread 0x000000000746b000 nmethod 2645 0x000000000fc87c90 code [0x000000000fc87e00, 0x000000000fc88068]
Event: 21.759 Thread 0x000000000746b000 2646       3       com.android.dx.dex.file.DebugInfoItem::<init> (36 bytes)
Event: 21.759 Thread 0x000000000746b000 nmethod 2646 0x000000000fc87750 code [0x000000000fc878c0, 0x000000000fc87b98]
Event: 21.767 Thread 0x0000000005e0b800 nmethod 2641 0x000000000fc99c50 code [0x000000000fc99e00, 0x000000000fc9a630]
Event: 21.767 Thread 0x0000000005e0b800 2640       4       com.android.dx.dex.code.OutputFinisher::addConstants (93 bytes)

GC Heap History (10 events):
Event: 7.678 GC heap before
{Heap before GC invocations=3 (full 0):
 PSYoungGen      total 71680K, used 71663K [0x00000000eab00000, 0x00000000ef600000, 0x0000000100000000)
  eden space 66560K, 100% used [0x00000000eab00000,0x00000000eec00000,0x00000000eec00000)
  from space 5120K, 99% used [0x00000000ef100000,0x00000000ef5fbf70,0x00000000ef600000)
  to   space 5120K, 0% used [0x00000000eec00000,0x00000000eec00000,0x00000000ef100000)
 ParOldGen       total 87552K, used 3845K [0x00000000c0000000, 0x00000000c5580000, 0x00000000eab00000)
  object space 87552K, 4% used [0x00000000c0000000,0x00000000c03c1480,0x00000000c5580000)
 Metaspace       used 6303K, capacity 7154K, committed 7296K, reserved 1056768K
  class space    used 605K, capacity 618K, committed 640K, reserved 1048576K
Event: 7.708 GC heap after
Heap after GC invocations=3 (full 0):
 PSYoungGen      total 71680K, used 5096K [0x00000000eab00000, 0x00000000f3700000, 0x0000000100000000)
  eden space 66560K, 0% used [0x00000000eab00000,0x00000000eab00000,0x00000000eec00000)
  from space 5120K, 99% used [0x00000000eec00000,0x00000000ef0fa310,0x00000000ef100000)
  to   space 5120K, 0% used [0x00000000f3200000,0x00000000f3200000,0x00000000f3700000)
 ParOldGen       total 87552K, used 13495K [0x00000000c0000000, 0x00000000c5580000, 0x00000000eab00000)
  object space 87552K, 15% used [0x00000000c0000000,0x00000000c0d2dc00,0x00000000c5580000)
 Metaspace       used 6303K, capacity 7154K, committed 7296K, reserved 1056768K
  class space    used 605K, capacity 618K, committed 640K, reserved 1048576K
}
Event: 9.108 GC heap before
{Heap before GC invocations=4 (full 0):
 PSYoungGen      total 71680K, used 71656K [0x00000000eab00000, 0x00000000f3700000, 0x0000000100000000)
  eden space 66560K, 100% used [0x00000000eab00000,0x00000000eec00000,0x00000000eec00000)
  from space 5120K, 99% used [0x00000000eec00000,0x00000000ef0fa310,0x00000000ef100000)
  to   space 5120K, 0% used [0x00000000f3200000,0x00000000f3200000,0x00000000f3700000)
 ParOldGen       total 87552K, used 13495K [0x00000000c0000000, 0x00000000c5580000, 0x00000000eab00000)
  object space 87552K, 15% used [0x00000000c0000000,0x00000000c0d2dc00,0x00000000c5580000)
 Metaspace       used 6397K, capacity 7154K, committed 7296K, reserved 1056768K
  class space    used 605K, capacity 618K, committed 640K, reserved 1048576K
Event: 9.138 GC heap after
Heap after GC invocations=4 (full 0):
 PSYoungGen      total 138240K, used 5102K [0x00000000eab00000, 0x00000000f3700000, 0x0000000100000000)
  eden space 133120K, 0% used [0x00000000eab00000,0x00000000eab00000,0x00000000f2d00000)
  from space 5120K, 99% used [0x00000000f3200000,0x00000000f36fb8a0,0x00000000f3700000)
  to   space 5120K, 0% used [0x00000000f2d00000,0x00000000f2d00000,0x00000000f3200000)
 ParOldGen       total 87552K, used 23588K [0x00000000c0000000, 0x00000000c5580000, 0x00000000eab00000)
  object space 87552K, 26% used [0x00000000c0000000,0x00000000c1709008,0x00000000c5580000)
 Metaspace       used 6397K, capacity 7154K, committed 7296K, reserved 1056768K
  class space    used 605K, capacity 618K, committed 640K, reserved 1048576K
}
Event: 14.198 GC heap before
{Heap before GC invocations=5 (full 0):
 PSYoungGen      total 138240K, used 138222K [0x00000000eab00000, 0x00000000f3700000, 0x0000000100000000)
  eden space 133120K, 100% used [0x00000000eab00000,0x00000000f2d00000,0x00000000f2d00000)
  from space 5120K, 99% used [0x00000000f3200000,0x00000000f36fb8a0,0x00000000f3700000)
  to   space 5120K, 0% used [0x00000000f2d00000,0x00000000f2d00000,0x00000000f3200000)
 ParOldGen       total 87552K, used 23588K [0x00000000c0000000, 0x00000000c5580000, 0x00000000eab00000)
  object space 87552K, 26% used [0x00000000c0000000,0x00000000c1709008,0x00000000c5580000)
 Metaspace       used 6576K, capacity 7256K, committed 7424K, reserved 1056768K
  class space    used 625K, capacity 656K, committed 768K, reserved 1048576K
Event: 14.607 GC heap after
Heap after GC invocations=5 (full 0):
 PSYoungGen      total 138240K, used 5096K [0x00000000eab00000, 0x00000000f3700000, 0x0000000100000000)
  eden space 133120K, 0% used [0x00000000eab00000,0x00000000eab00000,0x00000000f2d00000)
  from space 5120K, 99% used [0x00000000f2d00000,0x00000000f31fa138,0x00000000f3200000)
  to   space 5120K, 0% used [0x00000000f3200000,0x00000000f3200000,0x00000000f3700000)
 ParOldGen       total 87552K, used 45302K [0x00000000c0000000, 0x00000000c5580000, 0x00000000eab00000)
  object space 87552K, 51% used [0x00000000c0000000,0x00000000c2c3d838,0x00000000c5580000)
 Metaspace       used 6576K, capacity 7256K, committed 7424K, reserved 1056768K
  class space    used 625K, capacity 656K, committed 768K, reserved 1048576K
}
Event: 17.314 GC heap before
{Heap before GC invocations=6 (full 0):
 PSYoungGen      total 138240K, used 138216K [0x00000000eab00000, 0x00000000f3700000, 0x0000000100000000)
  eden space 133120K, 100% used [0x00000000eab00000,0x00000000f2d00000,0x00000000f2d00000)
  from space 5120K, 99% used [0x00000000f2d00000,0x00000000f31fa138,0x00000000f3200000)
  to   space 5120K, 0% used [0x00000000f3200000,0x00000000f3200000,0x00000000f3700000)
 ParOldGen       total 87552K, used 45302K [0x00000000c0000000, 0x00000000c5580000, 0x00000000eab00000)
  object space 87552K, 51% used [0x00000000c0000000,0x00000000c2c3d838,0x00000000c5580000)
 Metaspace       used 6588K, capacity 7256K, committed 7424K, reserved 1056768K
  class space    used 625K, capacity 656K, committed 768K, reserved 1048576K
Event: 17.745 GC heap after
Heap after GC invocations=6 (full 0):
 PSYoungGen      total 110592K, used 5116K [0x00000000eab00000, 0x00000000fef00000, 0x0000000100000000)
  eden space 105472K, 0% used [0x00000000eab00000,0x00000000eab00000,0x00000000f1200000)
  from space 5120K, 99% used [0x00000000f3200000,0x00000000f36ff138,0x00000000f3700000)
  to   space 32768K, 0% used [0x00000000f1200000,0x00000000f1200000,0x00000000f3200000)
 ParOldGen       total 87552K, used 65919K [0x00000000c0000000, 0x00000000c5580000, 0x00000000eab00000)
  object space 87552K, 75% used [0x00000000c0000000,0x00000000c405fd50,0x00000000c5580000)
 Metaspace       used 6588K, capacity 7256K, committed 7424K, reserved 1056768K
  class space    used 625K, capacity 656K, committed 768K, reserved 1048576K
}
Event: 17.745 GC heap before
{Heap before GC invocations=7 (full 1):
 PSYoungGen      total 110592K, used 5116K [0x00000000eab00000, 0x00000000fef00000, 0x0000000100000000)
  eden space 105472K, 0% used [0x00000000eab00000,0x00000000eab00000,0x00000000f1200000)
  from space 5120K, 99% used [0x00000000f3200000,0x00000000f36ff138,0x00000000f3700000)
  to   space 32768K, 0% used [0x00000000f1200000,0x00000000f1200000,0x00000000f3200000)
 ParOldGen       total 87552K, used 65919K [0x00000000c0000000, 0x00000000c5580000, 0x00000000eab00000)
  object space 87552K, 75% used [0x00000000c0000000,0x00000000c405fd50,0x00000000c5580000)
 Metaspace       used 6588K, capacity 7256K, committed 7424K, reserved 1056768K
  class space    used 625K, capacity 656K, committed 768K, reserved 1048576K
Event: 20.729 GC heap after
Heap after GC invocations=7 (full 1):
 PSYoungGen      total 110592K, used 0K [0x00000000eab00000, 0x00000000fef00000, 0x0000000100000000)
  eden space 105472K, 0% used [0x00000000eab00000,0x00000000eab00000,0x00000000f1200000)
  from space 5120K, 0% used [0x00000000f3200000,0x00000000f3200000,0x00000000f3700000)
  to   space 32768K, 0% used [0x00000000f1200000,0x00000000f1200000,0x00000000f3200000)
 ParOldGen       total 87552K, used 68497K [0x00000000c0000000, 0x00000000c5580000, 0x00000000eab00000)
  object space 87552K, 78% used [0x00000000c0000000,0x00000000c42e4528,0x00000000c5580000)
 Metaspace       used 6588K, capacity 7256K, committed 7424K, reserved 1056768K
  class space    used 625K, capacity 656K, committed 768K, reserved 1048576K
}

Deoptimization events (10 events):
Event: 16.690 Thread 0x000000000769e800 Uncommon trap: reason=bimorphic action=maybe_recompile pc=0x000000000fb9627c method=com.android.dx.cf.code.BytecodeArray.parseInstruction(ILcom/android/dx/cf/code/BytecodeArray$Visitor;)I @ 1287
Event: 16.690 Thread 0x000000000769e800 Uncommon trap: reason=bimorphic action=maybe_recompile pc=0x000000000fb9627c method=com.android.dx.cf.code.BytecodeArray.parseInstruction(ILcom/android/dx/cf/code/BytecodeArray$Visitor;)I @ 1287
Event: 20.742 Thread 0x000000000769e800 Uncommon trap: reason=unstable_if action=reinterpret pc=0x000000000f767150 method=java.util.HashMap.resize()[Ljava/util/HashMap$Node; @ 206
Event: 20.992 Thread 0x0000000007698800 Uncommon trap: reason=class_check action=maybe_recompile pc=0x000000000fb2e864 method=com.android.dx.ssa.ConstCollector.getConstsSortedByCountUse()Ljava/util/ArrayList; @ 331
Event: 21.465 Thread 0x00000000025e0800 Uncommon trap: reason=class_check action=maybe_recompile pc=0x000000000f552348 method=java.util.Arrays.hashCode([Ljava/lang/Object;)I @ 43
Event: 21.465 Thread 0x00000000025e0800 Uncommon trap: reason=class_check action=maybe_recompile pc=0x000000000f552348 method=java.util.Arrays.hashCode([Ljava/lang/Object;)I @ 43
Event: 21.465 Thread 0x00000000025e0800 Uncommon trap: reason=class_check action=maybe_recompile pc=0x000000000f552348 method=java.util.Arrays.hashCode([Ljava/lang/Object;)I @ 43
Event: 21.465 Thread 0x00000000025e0800 Uncommon trap: reason=class_check action=maybe_recompile pc=0x000000000f552348 method=java.util.Arrays.hashCode([Ljava/lang/Object;)I @ 43
Event: 21.465 Thread 0x00000000025e0800 Uncommon trap: reason=class_check action=maybe_recompile pc=0x000000000f4b6234 method=java.util.Arrays.hashCode([Ljava/lang/Object;)I @ 43
Event: 21.723 Thread 0x00000000025e0800 Uncommon trap: reason=class_check action=maybe_recompile pc=0x000000000f4a9048 method=java.util.HashMap.putVal(ILjava/lang/Object;Ljava/lang/Object;ZZ)Ljava/lang/Object; @ 203

Internal exceptions (6 events):
Event: 0.053 Thread 0x00000000025e0800 Exception <a 'java/lang/NoSuchMethodError': Method sun.misc.Unsafe.defineClass(Ljava/lang/String;[BII)Ljava/lang/Class; name or signature does not match> (0x00000000eab13068) thrown at [C:\workspace\8-2-build-windows-amd64-cygwin\jdk8u65\4987\hotspot\src\sŠW“a«?
Event: 0.053 Thread 0x00000000025e0800 Exception <a 'java/lang/NoSuchMethodError': Method sun.misc.Unsafe.prefetchRead(Ljava/lang/Object;J)V name or signature does not match> (0x00000000eab13350) thrown at [C:\workspace\8-2-build-windows-amd64-cygwin\jdk8u65\4987\hotspot\src\share\vm\prims\jni.d_o»:$@
Event: 10.115 Thread 0x000000000769d800 Implicit null exception at 0x000000000f6f9034 to 0x000000000f6fa0cd
Event: 11.774 Thread 0x0000000007698800 Exception <a 'java/lang/ArrayIndexOutOfBoundsException': 18> (0x00000000f00a03a8) thrown at [C:\workspace\8-2-build-windows-amd64-cygwin\jdk8u65\4987\hotspot\src\share\vm\interpreter\interpreterRuntime.cpp, line 366]
Event: 11.775 Thread 0x0000000007698800 Exception <a 'java/lang/ArrayIndexOutOfBoundsException': 145> (0x00000000f00a1f28) thrown at [C:\workspace\8-2-build-windows-amd64-cygwin\jdk8u65\4987\hotspot\src\share\vm\interpreter\interpreterRuntime.cpp, line 366]
Event: 11.776 Thread 0x0000000007698800 Exception <a 'java/lang/ArrayIndexOutOfBoundsException'> (0x00000000f00a3210) thrown at [C:\workspace\8-2-build-windows-amd64-cygwin\jdk8u65\4987\hotspot\src\share\vm\runtime\sharedRuntime.cpp, line 605]

Events (10 events):
Event: 21.465 Thread 0x00000000025e0800 Uncommon trap: trap_request=0xffffffde fr.pc=0x000000000f4b6234
Event: 21.465 Thread 0x00000000025e0800 DEOPT PACKING pc=0x000000000f4b6234 sp=0x00000000025debe0
Event: 21.465 Thread 0x00000000025e0800 DEOPT UNPACKING pc=0x000000000f05582a sp=0x00000000025deb68 mode 2
Event: 21.466 loading class com/android/dx/rop/cst/Zeroes
Event: 21.466 loading class com/android/dx/rop/cst/Zeroes done
Event: 21.723 Thread 0x00000000025e0800 Uncommon trap: trap_request=0xffffffde fr.pc=0x000000000f4a9048
Event: 21.723 Thread 0x00000000025e0800 DEOPT PACKING pc=0x000000000f4a9048 sp=0x00000000025df030
Event: 21.723 Thread 0x00000000025e0800 DEOPT UNPACKING pc=0x000000000f05582a sp=0x00000000025def50 mode 2
Event: 21.737 loading class com/android/dx/dex/file/CatchStructs
Event: 21.737 loading class com/android/dx/dex/file/CatchStructs done


Dynamic libraries:
0x00007ff647b20000 - 0x00007ff647b57000 	D:\Java\jdk1.8.0_65\bin\java.exe
0x00007ffbf22d0000 - 0x00007ffbf2491000 	C:\Windows\SYSTEM32\ntdll.dll
0x00007ffbf1280000 - 0x00007ffbf132d000 	C:\Windows\system32\KERNEL32.DLL
0x00007ffbeeab0000 - 0x00007ffbeec98000 	C:\Windows\system32\KERNELBASE.dll
0x00007ffbf1480000 - 0x00007ffbf1527000 	C:\Windows\system32\ADVAPI32.dll
0x00007ffbf1150000 - 0x00007ffbf11ed000 	C:\Windows\system32\msvcrt.dll
0x00007ffbf2210000 - 0x00007ffbf226b000 	C:\Windows\system32\sechost.dll
0x00007ffbf16b0000 - 0x00007ffbf17cc000 	C:\Windows\system32\RPCRT4.dll
0x00007ffbf18a0000 - 0x00007ffbf19f6000 	C:\Windows\system32\USER32.dll
0x00007ffbf1a00000 - 0x00007ffbf1b86000 	C:\Windows\system32\GDI32.dll
0x00007ffbe9cf0000 - 0x00007ffbe9f64000 	C:\Windows\WinSxS\amd64_microsoft.windows.common-controls_6595b64144ccf1df_6.0.10586.0_none_8c15ae12515e1c22\COMCTL32.dll
0x00007ffbf0d70000 - 0x00007ffbf0fed000 	C:\Windows\system32\combase.dll
0x00007ffbef2f0000 - 0x00007ffbef35a000 	C:\Windows\system32\bcryptPrimitives.dll
0x00007ffbf1d40000 - 0x00007ffbf1d7b000 	C:\Windows\system32\IMM32.DLL
0x00007ffbee7e0000 - 0x00007ffbee811000 	C:\Windows\system32\nvinitx.dll
0x00007ffbee7d0000 - 0x00007ffbee7da000 	C:\Windows\SYSTEM32\VERSION.dll
0x000000000f000000 - 0x000000000f006000 	C:\Program Files\NVIDIA Corporation\CoProcManager\_etoured.dll
0x00007ffbed020000 - 0x00007ffbed052000 	C:\Program Files\NVIDIA Corporation\CoProcManager\nvd3d9wrapx.dll
0x00007ffbf1d80000 - 0x00007ffbf21a9000 	C:\Windows\system32\SETUPAPI.dll
0x00007ffbef360000 - 0x00007ffbef3a3000 	C:\Windows\system32\CFGMGR32.dll
0x00007ffbecff0000 - 0x00007ffbed012000 	C:\Program Files\NVIDIA Corporation\CoProcManager\nvdxgiwrapx.dll
0x00000000728e0000 - 0x00000000729b2000 	D:\Java\jdk1.8.0_65\jre\bin\msvcr100.dll
0x0000000071bf0000 - 0x0000000072479000 	D:\Java\jdk1.8.0_65\jre\bin\server\jvm.dll
0x00007ffbf0d60000 - 0x00007ffbf0d68000 	C:\Windows\system32\PSAPI.DLL
0x00007ffbe5240000 - 0x00007ffbe5249000 	C:\Windows\SYSTEM32\WSOCK32.dll
0x00007ffbecbe0000 - 0x00007ffbecc03000 	C:\Windows\SYSTEM32\WINMM.dll
0x00007ffbf1640000 - 0x00007ffbf16ab000 	C:\Windows\system32\WS2_32.dll
0x00007ffbecb80000 - 0x00007ffbecbac000 	C:\Windows\SYSTEM32\WINMMBASE.dll
0x00000000728a0000 - 0x00000000728af000 	D:\Java\jdk1.8.0_65\jre\bin\verify.dll
0x0000000072870000 - 0x0000000072899000 	D:\Java\jdk1.8.0_65\jre\bin\java.dll
0x0000000072850000 - 0x0000000072866000 	D:\Java\jdk1.8.0_65\jre\bin\zip.dll
0x00007ffbef740000 - 0x00007ffbf0c9c000 	C:\Windows\system32\SHELL32.dll
0x00007ffbeeca0000 - 0x00007ffbef2e5000 	C:\Windows\system32\windows.storage.dll
0x00007ffbf2270000 - 0x00007ffbf22c2000 	C:\Windows\system32\shlwapi.dll
0x00007ffbee910000 - 0x00007ffbee91f000 	C:\Windows\system32\kernel.appcore.dll
0x00007ffbef580000 - 0x00007ffbef635000 	C:\Windows\system32\shcore.dll
0x00007ffbee920000 - 0x00007ffbee96b000 	C:\Windows\system32\powrprof.dll
0x00007ffbee8f0000 - 0x00007ffbee904000 	C:\Windows\system32\profapi.dll

VM Arguments:
jvm_args: -Xmx1024M -Dfile.encoding=GBK -Duser.country=CN -Duser.language=zh -Duser.variant 
java_command: com.android.dx.command.Main --dex --num-threads=4 --output C:\Users\root\AndroidStudioProjects\Habbits\app\build\intermediates\pre-dexed\debug\classes-5ae8b7eaa144d61dbb94d368a881e8af56a78471.jar C:\Users\root\AndroidStudioProjects\Habbits\app\build\intermediates\exploded-aar\com.android.support\support-v4\24.0.0-alpha2\jars\classes.jar
java_class_path (initial): E:\SDK\build-tools\24.0.0-preview\lib\dx.jar
Launcher Type: SUN_STANDARD

Environment Variables:
JAVA_HOME=D:\Java\jdk1.8.0_65
CLASSPATH=.;%JAVA_HOME%\lib;%JAVA_HOME%\lib\tools.jar
PATH=C:\ProgramData\Oracle\Java\javapath;C:\Windows\system32;C:\Windows;C:\Windows\System32\Wbem;C:\Windows\System32\WindowsPowerShell\v1.0\;C:\Program Files (x86)\NVIDIA Corporation\PhysX\Common;D:\³£ÓÃÈí¼þ\Git\Git\cmd;C:\Windows\system32\config\systemprofile\.dnx\bin;C:\Program Files\Microsoft DNX\Dnvm\;C:\Program Files (x86)\Windows Kits\10\Windows Performance Toolkit\;C:\Program Files\Microsoft SQL Server\130\Tools\Binn\
USERNAME=root
OS=Windows_NT
PROCESSOR_IDENTIFIER=Intel64 Family 6 Model 58 Stepping 9, GenuineIntel



---------------  S Y S T E M  ---------------

OS: Windows 10.0 , 64 bit Build 10586 (10.0.10586.0)

CPU:total 4 (2 cores per cpu, 2 threads per core) family 6 model 58 stepping 9, cmov, cx8, fxsr, mmx, sse, sse2, sse3, ssse3, sse4.1, sse4.2, popcnt, avx, aes, clmul, erms, ht, tsc, tscinvbit, tscinv

Memory: 4k page, physical 8285464k(1290120k free), swap 10173392k(5336k free)

vm_info: Java HotSpot(TM) 64-Bit Server VM (25.65-b01) for windows-amd64 JRE (1.8.0_65-b17), built on Oct  6 2015 16:39:20 by "java_re" with MS VC++ 10.0 (VS2010)

time: Sun May 08 17:20:09 2016
elapsed time: 21 seconds (0d 0h 0m 21s)

