#
# There is insufficient memory for the Java Runtime Environment to continue.
# Native memory allocation (malloc) failed to allocate 96336 bytes for Chunk::new
# Possible reasons:
#   The system is out of physical RAM or swap space
#   In 32 bit mode, the process size limit was hit
# Possible solutions:
#   Reduce memory load on the system
#   Increase physical memory or swap space
#   Check if swap backing store is full
#   Use 64 bit Java on a 64 bit OS
#   Decrease Java heap size (-Xmx/-Xms)
#   Decrease number of Java threads
#   Decrease Java thread stack sizes (-Xss)
#   Set larger code cache with -XX:ReservedCodeCacheSize=
# This output file may be truncated or incomplete.
#
#  Out of Memory Error (allocation.cpp:390), pid=9120, tid=6304
#
# JRE version: Java(TM) SE Runtime Environment (8.0_65-b17) (build 1.8.0_65-b17)
# Java VM: Java HotSpot(TM) 64-Bit Server VM (25.65-b01 mixed mode windows-amd64 compressed oops)
# Failed to write core dump. Minidumps are not enabled by default on client versions of Windows
#

---------------  T H R E A D  ---------------

Current thread (0x0000000005d2e000):  JavaThread "C2 CompilerThread1" daemon [_thread_in_native, id=6304, stack(0x00000000077a0000,0x00000000078a0000)]

Stack: [0x00000000077a0000,0x00000000078a0000]
[error occurred during error reporting (printing stack bounds), id 0xc0000005]

Native frames: (J=compiled Java code, j=interpreted, Vv=VM code, C=native code)


Current CompileTask:
C2:    551  138       4       java.util.regex.Pattern::compile (406 bytes)


---------------  P R O C E S S  ---------------

Java Threads: ( => current thread )
  0x0000000007402000 JavaThread "Service Thread" daemon [_thread_blocked, id=4016, stack(0x00000000079a0000,0x0000000007aa0000)]
  0x00000000073f8000 JavaThread "C1 CompilerThread2" daemon [_thread_blocked, id=4420, stack(0x00000000078a0000,0x00000000079a0000)]
=>0x0000000005d2e000 JavaThread "C2 CompilerThread1" daemon [_thread_in_native, id=6304, stack(0x00000000077a0000,0x00000000078a0000)]
  0x0000000005d2c000 JavaThread "C2 CompilerThread0" daemon [_thread_in_native, id=7056, stack(0x00000000072a0000,0x00000000073a0000)]
  0x0000000005d2a000 JavaThread "Attach Listener" daemon [_thread_blocked, id=472, stack(0x00000000071a0000,0x00000000072a0000)]
  0x0000000005cde800 JavaThread "Signal Dispatcher" daemon [_thread_blocked, id=9000, stack(0x00000000070a0000,0x00000000071a0000)]
  0x00000000025f2000 JavaThread "Finalizer" daemon [_thread_blocked, id=9164, stack(0x0000000006f40000,0x0000000007040000)]
  0x00000000025ee800 JavaThread "Reference Handler" daemon [_thread_blocked, id=6060, stack(0x0000000006e40000,0x0000000006f40000)]
  0x0000000002500800 JavaThread "main" [_thread_in_Java, id=7444, stack(0x0000000002300000,0x0000000002400000)]

Other Threads:
  0x0000000005c97000 VMThread [stack: 0x0000000006d40000,0x0000000006e40000] [id=13000]
  0x000000000745e800 WatcherThread [stack: 0x0000000007aa0000,0x0000000007ba0000] [id=7500]

VM state:not at safepoint (normal execution)

VM Mutex/Monitor currently owned by a thread: None

Heap:
 PSYoungGen      total 38400K, used 7988K [0x00000000eab00000, 0x00000000ed580000, 0x0000000100000000)
  eden space 33280K, 24% used [0x00000000eab00000,0x00000000eb2cd318,0x00000000ecb80000)
  from space 5120K, 0% used [0x00000000ed080000,0x00000000ed080000,0x00000000ed580000)
  to   space 5120K, 0% used [0x00000000ecb80000,0x00000000ecb80000,0x00000000ed080000)
 ParOldGen       total 87552K, used 0K [0x00000000c0000000, 0x00000000c5580000, 0x00000000eab00000)
  object space 87552K, 0% used [0x00000000c0000000,0x00000000c0000000,0x00000000c5580000)
 Metaspace       used 3425K, capacity 4720K, committed 4864K, reserved 1056768K
  class space    used 372K, capacity 424K, committed 512K, reserved 1048576K

Card table byte_map: [0x00000000029c0000,0x0000000002bd0000] byte_map_base: 0x00000000023c0000

Marking Bits: (ParMarkBitMap*) 0x00000000723fa5b0
 Begin Bits: [0x0000000003130000, 0x0000000004130000)
 End Bits:   [0x0000000004130000, 0x0000000005130000)

Polling page: 0x00000000001f0000

CodeCache: size=245760Kb used=1356Kb max_used=1368Kb free=244403Kb
 bounds [0x000000000f010000, 0x000000000f280000, 0x000000001e010000]
 total_blobs=386 nmethods=141 adapters=158
 compilation: enabled

Compilation events (10 events):
Event: 0.517 Thread 0x0000000005d2e000 nmethod 134 0x000000000f161190 code [0x000000000f161300, 0x000000000f1618b8]
Event: 0.517 Thread 0x0000000005d2e000  141 %     4       java.lang.String::replace @ 55 (127 bytes)
Event: 0.526 Thread 0x0000000005d2e000 nmethod 141% 0x000000000f160990 code [0x000000000f160ae0, 0x000000000f160f78]
Event: 0.526 Thread 0x0000000005d2e000  138       4       java.util.regex.Pattern::compile (406 bytes)
Event: 0.531 Thread 0x0000000005d2c000 nmethod 135 0x000000000f1649d0 code [0x000000000f164b40, 0x000000000f165158]
Event: 0.531 Thread 0x0000000005d2c000  140       4       java.util.regex.Pattern::newSlice (181 bytes)
Event: 0.536 Thread 0x0000000005d2c000 nmethod 140 0x000000000f1603d0 code [0x000000000f160520, 0x000000000f160818]
Event: 0.537 Thread 0x0000000005d2c000  142       4       java.lang.String::replace (127 bytes)
Event: 0.549 Thread 0x0000000005d2c000 nmethod 142 0x000000000f164210 code [0x000000000f164360, 0x000000000f1647f8]
Event: 0.549 Thread 0x0000000005d2c000  139       4       java.lang.String::compareTo (78 bytes)

GC Heap History (0 events):
No events

Deoptimization events (0 events):
No events

Internal exceptions (2 events):
Event: 0.059 Thread 0x0000000002500800 Exception <a 'java/lang/NoSuchMethodError': Method sun.misc.Unsafe.defineClass(Ljava/lang/String;[BII)Ljava/lang/Class; name or signature does not match> (0x00000000eab13068) thrown at [C:\workspace\8-2-build-windows-amd64-cygwin\jdk8u65\4987\hotspot\src\s‚¶uô*P®?
Event: 0.059 Thread 0x0000000002500800 Exception <a 'java/lang/NoSuchMethodError': Method sun.misc.Unsafe.prefetchRead(Ljava/lang/Object;J)V name or signature does not match> (0x00000000eab13350) thrown at [C:\workspace\8-2-build-windows-amd64-cygwin\jdk8u65\4987\hotspot\src\share\vm\prims\jni.

Events (10 events):
Event: 0.517 Thread 0x0000000002500800 DEOPT PACKING pc=0x000000000f130a32 sp=0x00000000023febc0
Event: 0.517 Thread 0x0000000002500800 DEOPT UNPACKING pc=0x000000000f05787f sp=0x00000000023fe8c0 mode 0
Event: 0.517 Thread 0x0000000002500800 DEOPT PACKING pc=0x000000000f130a32 sp=0x00000000023feb20
Event: 0.517 Thread 0x0000000002500800 DEOPT UNPACKING pc=0x000000000f05787f sp=0x00000000023fe820 mode 0
Event: 0.532 Thread 0x0000000002500800 DEOPT PACKING pc=0x000000000f130a65 sp=0x00000000023fecd0
Event: 0.532 Thread 0x0000000002500800 DEOPT UNPACKING pc=0x000000000f05787f sp=0x00000000023fe9e0 mode 0
Event: 0.533 Thread 0x0000000002500800 DEOPT PACKING pc=0x000000000f130a65 sp=0x00000000023fecd0
Event: 0.533 Thread 0x0000000002500800 DEOPT UNPACKING pc=0x000000000f05787f sp=0x00000000023fe9e0 mode 0
Event: 0.533 Thread 0x0000000002500800 DEOPT PACKING pc=0x000000000f130a32 sp=0x00000000023fecd0
Event: 0.533 Thread 0x0000000002500800 DEOPT UNPACKING pc=0x000000000f05787f sp=0x00000000023fe9d0 mode 0


Dynamic libraries:
0x00007ff647b20000 - 0x00007ff647b57000 	D:\Java\jdk1.8.0_65\bin\java.exe
0x00007ffbf22d0000 - 0x00007ffbf2491000 	C:\Windows\SYSTEM32\ntdll.dll
0x00007ffbf1280000 - 0x00007ffbf132d000 	C:\Windows\system32\KERNEL32.DLL
0x00007ffbeeab0000 - 0x00007ffbeec98000 	C:\Windows\system32\KERNELBASE.dll
0x00007ffbf1480000 - 0x00007ffbf1527000 	C:\Windows\system32\ADVAPI32.dll
0x00007ffbf1150000 - 0x00007ffbf11ed000 	C:\Windows\system32\msvcrt.dll
0x00007ffbf2210000 - 0x00007ffbf226b000 	C:\Windows\system32\sechost.dll
0x00007ffbf16b0000 - 0x00007ffbf17cc000 	C:\Windows\system32\RPCRT4.dll
0x00007ffbf18a0000 - 0x00007ffbf19f6000 	C:\Windows\system32\USER32.dll
0x00007ffbf1a00000 - 0x00007ffbf1b86000 	C:\Windows\system32\GDI32.dll
0x00007ffbe9cf0000 - 0x00007ffbe9f64000 	C:\Windows\WinSxS\amd64_microsoft.windows.common-controls_6595b64144ccf1df_6.0.10586.0_none_8c15ae12515e1c22\COMCTL32.dll
0x00007ffbf0d70000 - 0x00007ffbf0fed000 	C:\Windows\system32\combase.dll
0x00007ffbef2f0000 - 0x00007ffbef35a000 	C:\Windows\system32\bcryptPrimitives.dll
0x00007ffbf1d40000 - 0x00007ffbf1d7b000 	C:\Windows\system32\IMM32.DLL
0x00007ffbee7e0000 - 0x00007ffbee811000 	C:\Windows\system32\nvinitx.dll
0x00007ffbee7d0000 - 0x00007ffbee7da000 	C:\Windows\SYSTEM32\VERSION.dll
0x000000000f000000 - 0x000000000f006000 	C:\Program Files\NVIDIA Corporation\CoProcManager\_etoured.dll
0x00007ffbed020000 - 0x00007ffbed052000 	C:\Program Files\NVIDIA Corporation\CoProcManager\nvd3d9wrapx.dll
0x00007ffbf1d80000 - 0x00007ffbf21a9000 	C:\Windows\system32\SETUPAPI.dll
0x00007ffbef360000 - 0x00007ffbef3a3000 	C:\Windows\system32\CFGMGR32.dll
0x00007ffbecff0000 - 0x00007ffbed012000 	C:\Program Files\NVIDIA Corporation\CoProcManager\nvdxgiwrapx.dll
0x00000000728e0000 - 0x00000000729b2000 	D:\Java\jdk1.8.0_65\jre\bin\msvcr100.dll
0x0000000071bf0000 - 0x0000000072479000 	D:\Java\jdk1.8.0_65\jre\bin\server\jvm.dll
0x00007ffbf0d60000 - 0x00007ffbf0d68000 	C:\Windows\system32\PSAPI.DLL
0x00007ffbe5240000 - 0x00007ffbe5249000 	C:\Windows\SYSTEM32\WSOCK32.dll
0x00007ffbf1640000 - 0x00007ffbf16ab000 	C:\Windows\system32\WS2_32.dll
0x00007ffbecbe0000 - 0x00007ffbecc03000 	C:\Windows\SYSTEM32\WINMM.dll
0x00007ffbecb80000 - 0x00007ffbecbac000 	C:\Windows\SYSTEM32\WINMMBASE.dll
0x00000000728a0000 - 0x00000000728af000 	D:\Java\jdk1.8.0_65\jre\bin\verify.dll
0x0000000072870000 - 0x0000000072899000 	D:\Java\jdk1.8.0_65\jre\bin\java.dll
0x0000000072850000 - 0x0000000072866000 	D:\Java\jdk1.8.0_65\jre\bin\zip.dll
0x00007ffbef740000 - 0x00007ffbf0c9c000 	C:\Windows\system32\SHELL32.dll
0x00007ffbeeca0000 - 0x00007ffbef2e5000 	C:\Windows\system32\windows.storage.dll
0x00007ffbf2270000 - 0x00007ffbf22c2000 	C:\Windows\system32\shlwapi.dll
0x00007ffbee910000 - 0x00007ffbee91f000 	C:\Windows\system32\kernel.appcore.dll
0x00007ffbef580000 - 0x00007ffbef635000 	C:\Windows\system32\shcore.dll
0x00007ffbee920000 - 0x00007ffbee96b000 	C:\Windows\system32\powrprof.dll
0x00007ffbee8f0000 - 0x00007ffbee904000 	C:\Windows\system32\profapi.dll

VM Arguments:
jvm_args: -Xmx1024M -Dfile.encoding=GBK -Duser.country=CN -Duser.language=zh -Duser.variant 
java_command: com.android.dx.command.Main --dex --num-threads=4 --output C:\Users\root\AndroidStudioProjects\Habbits\app\build\intermediates\pre-dexed\debug\internal_impl-24.0.0-alpha2-5e307a07522f5129d0d69ef7be1aa026d1f5f04f.jar C:\Users\root\AndroidStudioProjects\Habbits\app\build\intermediates\exploded-aar\com.android.support\support-v4\24.0.0-alpha2\jars\libs\internal_impl-24.0.0-alpha2.jar
java_class_path (initial): E:\SDK\build-tools\24.0.0-preview\lib\dx.jar
Launcher Type: SUN_STANDARD

Environment Variables:
JAVA_HOME=D:\Java\jdk1.8.0_65
CLASSPATH=.;%JAVA_HOME%\lib;%JAVA_HOME%\lib\tools.jar
PATH=C:\ProgramData\Oracle\Java\javapath;C:\Windows\system32;C:\Windows;C:\Windows\System32\Wbem;C:\Windows\System32\WindowsPowerShell\v1.0\;C:\Program Files (x86)\NVIDIA Corporation\PhysX\Common;D:\³£ÓÃÈí¼þ\Git\Git\cmd;C:\Windows\system32\config\systemprofile\.dnx\bin;C:\Program Files\Microsoft DNX\Dnvm\;C:\Program Files (x86)\Windows Kits\10\Windows Performance Toolkit\;C:\Program Files\Microsoft SQL Server\130\Tools\Binn\
USERNAME=root
OS=Windows_NT
PROCESSOR_IDENTIFIER=Intel64 Family 6 Model 58 Stepping 9, GenuineIntel



---------------  S Y S T E M  ---------------

OS: Windows 10.0 , 64 bit Build 10586 (10.0.10586.0)

CPU:total 4 (2 cores per cpu, 2 threads per core) family 6 model 58 stepping 9, cmov, cx8, fxsr, mmx, sse, sse2, sse3, ssse3, sse4.1, sse4.2, popcnt, avx, aes, clmul, erms, ht, tsc, tscinvbit, tscinv

Memory: 4k page, physical 8285464k(1538160k free), swap 10173392k(2536k free)

vm_info: Java HotSpot(TM) 64-Bit Server VM (25.65-b01) for windows-amd64 JRE (1.8.0_65-b17), built on Oct  6 2015 16:39:20 by "java_re" with MS VC++ 10.0 (VS2010)

time: Sun May 08 17:33:18 2016
elapsed time: 0 seconds (0d 0h 0m 0s)

